Using pre-set license
Built from '2020.3/staging' branch; Version is '2020.3.0f1 (c7b5465681fb) revision 13088070'; Using compiler version '192528614'; Build Type 'Release'
OS: 'Windows 10 Pro; OS build 19041.1110; Version 2004; 64bit' Language: 'en' Physical Memory: 16058 MB
BatchMode: 1, IsHumanControllingUs: 0, StartBugReporterOnCrash: 0, Is64bit: 1, IsPro: 0

 COMMAND LINE ARGUMENTS:
C:\Program Files\Unity\Hub\Editor\2020.3.0f1\Editor\Unity.exe
-adb2
-batchMode
-noUpm
-name
AssetImportWorker0
-projectPath
C:/Users/DSU Student/Desktop/PracticeGame/PinBall/PracticePinBall
-logFile
Logs/AssetImportWorker0.log
-srvPort
60931
Successfully changed project path to: C:/Users/DSU Student/Desktop/PracticeGame/PinBall/PracticePinBall
C:/Users/DSU Student/Desktop/PracticeGame/PinBall/PracticePinBall
Using Asset Import Pipeline V2.
Refreshing native plugins compatible for Editor in 125.52 ms, found 0 plugins.
Preloading 0 native plugins for Editor in 0.00 ms.
Initialize engine version: 2020.3.0f1 (c7b5465681fb)
[Subsystems] Discovering subsystems at path C:/Program Files/Unity/Hub/Editor/2020.3.0f1/Editor/Data/Resources/UnitySubsystems
[Subsystems] Discovering subsystems at path C:/Users/DSU Student/Desktop/PracticeGame/PinBall/PracticePinBall/Assets
GfxDevice: creating device client; threaded=0
Direct3D:
    Version:  Direct3D 11.0 [level 11.1]
    Renderer: Intel(R) UHD Graphics 620 (ID=0x3ea0)
    Vendor:   
    VRAM:     8029 MB
    Driver:   26.20.100.6911
Initialize mono
Mono path[0] = 'C:/Program Files/Unity/Hub/Editor/2020.3.0f1/Editor/Data/Managed'
Mono path[1] = 'C:/Program Files/Unity/Hub/Editor/2020.3.0f1/Editor/Data/MonoBleedingEdge/lib/mono/unityjit'
Mono config path = 'C:/Program Files/Unity/Hub/Editor/2020.3.0f1/Editor/Data/MonoBleedingEdge/etc'
Using monoOptions --debugger-agent=transport=dt_socket,embedding=1,server=y,suspend=n,address=127.0.0.1:56592
Begin MonoManager ReloadAssembly
Registering precompiled unity dll's ...
Register platform support module: C:/Program Files/Unity/Hub/Editor/2020.3.0f1/Editor/Data/PlaybackEngines/WindowsStandaloneSupport/UnityEditor.WindowsStandalone.Extensions.dll
Registered in 0.006973 seconds.
Native extension for WindowsStandalone target not found
Refreshing native plugins compatible for Editor in 120.70 ms, found 0 plugins.
Preloading 0 native plugins for Editor in 0.00 ms.
Invoked RoslynAnalysisRunner static constructor.
RoslynAnalysisRunner will not be running.
RoslynAnalysisRunner has terminated.
Mono: successfully reloaded assembly
- Completed reload, in  3.911 seconds
Platform modules already initialized, skipping
Registering precompiled user dll's ...
Registered in 0.002795 seconds.
Begin MonoManager ReloadAssembly
Native extension for WindowsStandalone target not found
Refreshing native plugins compatible for Editor in 134.28 ms, found 0 plugins.
Preloading 0 native plugins for Editor in 0.00 ms.
Invoked RoslynAnalysisRunner static constructor.
RoslynAnalysisRunner will not be running.
RoslynAnalysisRunner has terminated.
Mono: successfully reloaded assembly
- Completed reload, in  3.467 seconds
Platform modules already initialized, skipping
========================================================================
Worker process is ready to serve import requests
Launched and connected shader compiler UnityShaderCompiler.exe after 0.10 seconds
Refreshing native plugins compatible for Editor in 1.02 ms, found 0 plugins.
Preloading 0 native plugins for Editor in 0.00 ms.
Unloading 1772 Unused Serialized files (Serialized files now loaded: 0)
System memory in use before: 83.2 MB.
System memory in use after: 83.2 MB.

Unloading 13 unused Assets to reduce memory usage. Loaded Objects now: 2217.
Total: 6.564600 ms (FindLiveObjects: 0.444600 ms CreateObjectMapping: 0.223700 ms MarkObjects: 5.557300 ms  DeleteObjects: 0.336300 ms)

========================================================================
Received Import Request.
  path: Assets/PaddleL.anim
  artifactKey: Guid(03bd800406729254fa13f897655c3a90) Importer(815301076,1909f56bfc062723c751e8b465ee728b)
Start importing Assets/PaddleL.anim using Guid(03bd800406729254fa13f897655c3a90) Importer(815301076,1909f56bfc062723c751e8b465ee728b)  -> (artifact id: 'c798765c4a2a1a5172db9b2694b85d2e') in 0.205283 seconds
  Import took 0.214199 seconds .

========================================================================
Received Import Request.
  Time since last request: 37.680593 seconds.
  path: Assets/PaddleR.anim
  artifactKey: Guid(03bd800406729254fa13f897655c3a90) Importer(815301076,1909f56bfc062723c751e8b465ee728b)
Start importing Assets/PaddleR.anim using Guid(03bd800406729254fa13f897655c3a90) Importer(815301076,1909f56bfc062723c751e8b465ee728b)  -> (artifact id: 'a967c8f19aa5bbc4e545fe348c0d3bc9') in 0.015099 seconds
  Import took 0.021840 seconds .

========================================================================
Received Import Request.
  Time since last request: 21.634877 seconds.
  path: Assets/PaddleR.controller
  artifactKey: Guid(1d05bbbcc6621f0489dea3737b98879f) Importer(815301076,1909f56bfc062723c751e8b465ee728b)
Start importing Assets/PaddleR.controller using Guid(1d05bbbcc6621f0489dea3737b98879f) Importer(815301076,1909f56bfc062723c751e8b465ee728b)  -> (artifact id: '6798df27200a3decc3c95d02174dbf65') in 0.014377 seconds
  Import took 0.023482 seconds .

========================================================================
Received Import Request.
  Time since last request: 12.683895 seconds.
  path: Assets/FlickRight.anim
  artifactKey: Guid(03bd800406729254fa13f897655c3a90) Importer(815301076,1909f56bfc062723c751e8b465ee728b)
Start importing Assets/FlickRight.anim using Guid(03bd800406729254fa13f897655c3a90) Importer(815301076,1909f56bfc062723c751e8b465ee728b)  -> (artifact id: '8932afd6505d3ea7dbfb33964925447e') in 0.017939 seconds
  Import took 0.026768 seconds .

========================================================================
Received Import Request.
  Time since last request: 10.031007 seconds.
  path: Assets/Animation
  artifactKey: Guid(be2d6cadebd07054fa7c28de90c10ae1) Importer(815301076,1909f56bfc062723c751e8b465ee728b)
Start importing Assets/Animation using Guid(be2d6cadebd07054fa7c28de90c10ae1) Importer(815301076,1909f56bfc062723c751e8b465ee728b)  -> (artifact id: 'c4d2be975d4c0da581c689ccb8f194ed') in 0.015792 seconds
  Import took 0.023977 seconds .

========================================================================
Received Import Request.
  Time since last request: 249.736892 seconds.
  path: Assets/Animation/FlickRight.anim
  artifactKey: Guid(03bd800406729254fa13f897655c3a90) Importer(815301076,1909f56bfc062723c751e8b465ee728b)
Start importing Assets/Animation/FlickRight.anim using Guid(03bd800406729254fa13f897655c3a90) Importer(815301076,1909f56bfc062723c751e8b465ee728b)  -> (artifact id: '752241939836af99d2a87ddf25528643') in 0.006056 seconds
  Import took 0.013257 seconds .

========================================================================
Received Import Request.
  Time since last request: 3.404911 seconds.
  path: Assets/Animation/PaddleR.controller
  artifactKey: Guid(1d05bbbcc6621f0489dea3737b98879f) Importer(815301076,1909f56bfc062723c751e8b465ee728b)
Start importing Assets/Animation/PaddleR.controller using Guid(1d05bbbcc6621f0489dea3737b98879f) Importer(815301076,1909f56bfc062723c751e8b465ee728b)  -> (artifact id: '45acee3287f9ecd9b4007e546580dc79') in 0.005748 seconds
  Import took 0.011919 seconds .

========================================================================
Received Import Request.
  Time since last request: 104.908659 seconds.
  path: Assets/Scripts/Ball.cs
  artifactKey: Guid(ca93c169f0821a545b20acf609dfd708) Importer(815301076,1909f56bfc062723c751e8b465ee728b)
Start importing Assets/Scripts/Ball.cs using Guid(ca93c169f0821a545b20acf609dfd708) Importer(815301076,1909f56bfc062723c751e8b465ee728b)  -> (artifact id: 'ba257e4da5fb4a3f0c2e0936aaed157f') in 0.045653 seconds
  Import took 0.052974 seconds .

========================================================================
Received Import Request.
  Time since last request: 257.877766 seconds.
  path: Assets/Player/Player.cs
  artifactKey: Guid(cdd5cb370da393844a8877fe151ca18e) Importer(815301076,1909f56bfc062723c751e8b465ee728b)
Start importing Assets/Player/Player.cs using Guid(cdd5cb370da393844a8877fe151ca18e) Importer(815301076,1909f56bfc062723c751e8b465ee728b)  -> (artifact id: '48433d79380facde9f2a98297e82a1f6') in 0.031490 seconds
  Import took 0.042610 seconds .

========================================================================
Received Prepare
Registering precompiled user dll's ...
Registered in 0.001124 seconds.
Begin MonoManager ReloadAssembly
Native extension for WindowsStandalone target not found
Refreshing native plugins compatible for Editor in 0.83 ms, found 0 plugins.
Preloading 0 native plugins for Editor in 0.00 ms.
Invoked RoslynAnalysisRunner static constructor.
RoslynAnalysisRunner will not be running.
RoslynAnalysisRunner has terminated.
Mono: successfully reloaded assembly
- Completed reload, in  3.229 seconds
Platform modules already initialized, skipping
Refreshing native plugins compatible for Editor in 0.63 ms, found 0 plugins.
Preloading 0 native plugins for Editor in 0.00 ms.
Unloading 1745 Unused Serialized files (Serialized files now loaded: 0)
System memory in use before: 81.6 MB.
System memory in use after: 81.6 MB.

Unloading 6 unused Assets to reduce memory usage. Loaded Objects now: 2220.
Total: 4.263500 ms (FindLiveObjects: 0.326200 ms CreateObjectMapping: 0.089700 ms MarkObjects: 3.643100 ms  DeleteObjects: 0.201800 ms)

========================================================================
Received Prepare
Registering precompiled user dll's ...
Registered in 0.001735 seconds.
Begin MonoManager ReloadAssembly
Native extension for WindowsStandalone target not found
Refreshing native plugins compatible for Editor in 0.56 ms, found 0 plugins.
Preloading 0 native plugins for Editor in 0.00 ms.
Invoked RoslynAnalysisRunner static constructor.
RoslynAnalysisRunner will not be running.
RoslynAnalysisRunner has terminated.
Mono: successfully reloaded assembly
- Completed reload, in  1.985 seconds
Platform modules already initialized, skipping
Refreshing native plugins compatible for Editor in 0.46 ms, found 0 plugins.
Preloading 0 native plugins for Editor in 0.00 ms.
Unloading 1745 Unused Serialized files (Serialized files now loaded: 0)
System memory in use before: 81.6 MB.
System memory in use after: 81.7 MB.

Unloading 6 unused Assets to reduce memory usage. Loaded Objects now: 2223.
Total: 5.163700 ms (FindLiveObjects: 0.589700 ms CreateObjectMapping: 0.265200 ms MarkObjects: 4.142100 ms  DeleteObjects: 0.164600 ms)

========================================================================
Received Prepare
Registering precompiled user dll's ...
Registered in 0.002187 seconds.
Begin MonoManager ReloadAssembly
Native extension for WindowsStandalone target not found
Refreshing native plugins compatible for Editor in 0.83 ms, found 0 plugins.
Preloading 0 native plugins for Editor in 0.00 ms.
Invoked RoslynAnalysisRunner static constructor.
RoslynAnalysisRunner will not be running.
RoslynAnalysisRunner has terminated.
Mono: successfully reloaded assembly
- Completed reload, in  3.205 seconds
Platform modules already initialized, skipping
Refreshing native plugins compatible for Editor in 0.63 ms, found 0 plugins.
Preloading 0 native plugins for Editor in 0.00 ms.
Unloading 1745 Unused Serialized files (Serialized files now loaded: 0)
System memory in use before: 81.7 MB.
System memory in use after: 81.7 MB.

Unloading 6 unused Assets to reduce memory usage. Loaded Objects now: 2226.
Total: 4.479800 ms (FindLiveObjects: 0.361100 ms CreateObjectMapping: 0.116600 ms MarkObjects: 3.772200 ms  DeleteObjects: 0.227600 ms)

AssetImportWorkerClient::OnTransportError - code=2 error=End of file
